  BPTC19696.cpp
  Conf.cpp
Conf.cpp(81): warning C4996: 'fopen': This function or variable may be unsafe. Consider using fopen_s instead. To disable deprecation, use _CRT_SECURE_NO_WARNINGS. See online help for details.
  C:\Program Files (x86)\Windows Kits\10\Include\10.0.16299.0\ucrt\stdio.h(207): note: vea la declaración de 'fopen'
Conf.cpp(111): warning C4996: 'strtok': This function or variable may be unsafe. Consider using strtok_s instead. To disable deprecation, use _CRT_SECURE_NO_WARNINGS. See online help for details.
  C:\Program Files (x86)\Windows Kits\10\Include\10.0.16299.0\ucrt\string.h(439): note: vea la declaración de 'strtok'
Conf.cpp(115): warning C4996: 'strtok': This function or variable may be unsafe. Consider using strtok_s instead. To disable deprecation, use _CRT_SECURE_NO_WARNINGS. See online help for details.
  C:\Program Files (x86)\Windows Kits\10\Include\10.0.16299.0\ucrt\string.h(439): note: vea la declaración de 'strtok'
  CRC.cpp
  DMRData.cpp
  DMREMB.cpp
  DMREmbeddedData.cpp
  DMRFullLC.cpp
  DMRLC.cpp
  DMRLookup.cpp
DMRLookup.cpp(99): warning C4996: 'sprintf': This function or variable may be unsafe. Consider using sprintf_s instead. To disable deprecation, use _CRT_SECURE_NO_WARNINGS. See online help for details.
  C:\Program Files (x86)\Windows Kits\10\Include\10.0.16299.0\ucrt\stdio.h(1772): note: vea la declaración de 'sprintf'
DMRLookup.cpp(136): warning C4996: 'fopen': This function or variable may be unsafe. Consider using fopen_s instead. To disable deprecation, use _CRT_SECURE_NO_WARNINGS. See online help for details.
  C:\Program Files (x86)\Windows Kits\10\Include\10.0.16299.0\ucrt\stdio.h(207): note: vea la declaración de 'fopen'
DMRLookup.cpp(153): warning C4996: 'strtok': This function or variable may be unsafe. Consider using strtok_s instead. To disable deprecation, use _CRT_SECURE_NO_WARNINGS. See online help for details.
  C:\Program Files (x86)\Windows Kits\10\Include\10.0.16299.0\ucrt\string.h(439): note: vea la declaración de 'strtok'
DMRLookup.cpp(154): warning C4996: 'strtok': This function or variable may be unsafe. Consider using strtok_s instead. To disable deprecation, use _CRT_SECURE_NO_WARNINGS. See online help for details.
  C:\Program Files (x86)\Windows Kits\10\Include\10.0.16299.0\ucrt\string.h(439): note: vea la declaración de 'strtok'
  DMRNetwork.cpp
DMRNetwork.cpp(553): warning C4996: 'strcpy': This function or variable may be unsafe. Consider using strcpy_s instead. To disable deprecation, use _CRT_SECURE_NO_WARNINGS. See online help for details.
  C:\Program Files (x86)\Windows Kits\10\Include\10.0.16299.0\ucrt\string.h(132): note: vea la declaración de 'strcpy'
DMRNetwork.cpp(612): warning C4996: 'sprintf': This function or variable may be unsafe. Consider using sprintf_s instead. To disable deprecation, use _CRT_SECURE_NO_WARNINGS. See online help for details.
  C:\Program Files (x86)\Windows Kits\10\Include\10.0.16299.0\ucrt\stdio.h(1772): note: vea la declaración de 'sprintf'
DMRNetwork.cpp(615): warning C4996: 'sprintf': This function or variable may be unsafe. Consider using sprintf_s instead. To disable deprecation, use _CRT_SECURE_NO_WARNINGS. See online help for details.
  C:\Program Files (x86)\Windows Kits\10\Include\10.0.16299.0\ucrt\stdio.h(1772): note: vea la declaración de 'sprintf'
DMRNetwork.cpp(625): warning C4996: 'sprintf': This function or variable may be unsafe. Consider using sprintf_s instead. To disable deprecation, use _CRT_SECURE_NO_WARNINGS. See online help for details.
  C:\Program Files (x86)\Windows Kits\10\Include\10.0.16299.0\ucrt\stdio.h(1772): note: vea la declaración de 'sprintf'
  DMRSlotType.cpp
  Golay2087.cpp
  Golay24128.cpp
  Hamming.cpp
  JitterBuffer.cpp
  Log.cpp
Log.cpp(54): warning C4996: 'gmtime': This function or variable may be unsafe. Consider using gmtime_s instead. To disable deprecation, use _CRT_SECURE_NO_WARNINGS. See online help for details.
  C:\Program Files (x86)\Windows Kits\10\Include\10.0.16299.0\ucrt\time.h(495): note: vea la declaración de 'gmtime'
Log.cpp(66): warning C4996: 'sprintf': This function or variable may be unsafe. Consider using sprintf_s instead. To disable deprecation, use _CRT_SECURE_NO_WARNINGS. See online help for details.
  C:\Program Files (x86)\Windows Kits\10\Include\10.0.16299.0\ucrt\stdio.h(1772): note: vea la declaración de 'sprintf'
Log.cpp(71): warning C4996: 'fopen': This function or variable may be unsafe. Consider using fopen_s instead. To disable deprecation, use _CRT_SECURE_NO_WARNINGS. See online help for details.
  C:\Program Files (x86)\Windows Kits\10\Include\10.0.16299.0\ucrt\stdio.h(207): note: vea la declaración de 'fopen'
Log.cpp(101): warning C4996: 'sprintf': This function or variable may be unsafe. Consider using sprintf_s instead. To disable deprecation, use _CRT_SECURE_NO_WARNINGS. See online help for details.
  C:\Program Files (x86)\Windows Kits\10\Include\10.0.16299.0\ucrt\stdio.h(1772): note: vea la declaración de 'sprintf'
Log.cpp(114): warning C4996: 'vsprintf': This function or variable may be unsafe. Consider using vsprintf_s instead. To disable deprecation, use _CRT_SECURE_NO_WARNINGS. See online help for details.
  C:\Program Files (x86)\Windows Kits\10\Include\10.0.16299.0\ucrt\stdio.h(1467): note: vea la declaración de 'vsprintf'
  ModeConv.cpp
  Mutex.cpp
  QR1676.cpp
  RS129.cpp
  Compilando...
  SHA256.cpp
  StopWatch.cpp
  Sync.cpp
  Thread.cpp
  Timer.cpp
  UDPSocket.cpp
  Utils.cpp
Utils.cpp(42): warning C4996: 'sprintf': This function or variable may be unsafe. Consider using sprintf_s instead. To disable deprecation, use _CRT_SECURE_NO_WARNINGS. See online help for details.
  C:\Program Files (x86)\Windows Kits\10\Include\10.0.16299.0\ucrt\stdio.h(1772): note: vea la declaración de 'sprintf'
  YSF2DMR.cpp
YSF2DMR.cpp(417): warning C4804: '>': uso no seguro del tipo 'bool' en la operación
  YSFConvolution.cpp
  YSFFICH.cpp
  YSFNetwork.cpp
  YSFPayload.cpp
  Generando código
  All 844 functions were compiled because no usable IPDB/IOBJ from previous compilation was found.
  Generación de código finalizada
  YSF2DMR.vcxproj -> C:\Users\Propietario\Desktop\YSF2DMR\Release\YSF2DMR.exe
